<?xml version="1.0" encoding="UTF-8"?>
<!-- Generated by org.testng.reporters.JUnitReportReporter -->
<testsuite hostname="DESKTOP-SOTS4KS" failures="0" tests="1" name="amazon_test.TestCase3_Aug22" time="14.857" errors="0" timestamp="2024-08-24T11:26:33 IST" skipped="0">
  <testcase classname="amazon_test.TestCase3_Aug22" name="registration_amazon" time="14.857"/>
  <system-out/>
</testsuite> <!-- amazon_test.TestCase3_Aug22 -->
