<?xml version="1.0" encoding="UTF-8"?>
<!-- Generated by org.testng.reporters.JUnitReportReporter -->
<testsuite hostname="DESKTOP-SOTS4KS" failures="0" tests="1" name="project1_test.TestCase3" time="10.584" errors="0" timestamp="2024-09-06T16:09:11 IST" skipped="0">
  <testcase classname="project1_test.TestCase3" name="login_incorrect" time="10.584"/>
  <system-out>
    <![CDATA[Test case is pass]]>
  </system-out>
</testsuite> <!-- project1_test.TestCase3 -->
