<?xml version="1.0" encoding="UTF-8"?>
<!-- Generated by org.testng.reporters.JUnitReportReporter -->
<testsuite hostname="DESKTOP-SOTS4KS" failures="0" tests="1" name="amazon_test.TestCase1_Aug22" time="12.358" errors="0" timestamp="2024-08-24T10:26:10 IST" skipped="0">
  <testcase classname="amazon_test.TestCase1_Aug22" name="login_to_amazon" time="12.358"/>
  <system-out/>
</testsuite> <!-- amazon_test.TestCase1_Aug22 -->
