<?xml version="1.0" encoding="UTF-8"?>
<!-- Generated by org.testng.reporters.JUnitReportReporter -->
<testsuite hostname="DESKTOP-SOTS4KS" failures="0" tests="1" name="amazon_test.TestCase4_Aug22" time="17.417" errors="0" timestamp="2024-08-24T12:25:24 IST" skipped="0">
  <testcase classname="amazon_test.TestCase4_Aug22" name="search_addtowishlist_amazon" time="17.417"/>
  <system-out/>
</testsuite> <!-- amazon_test.TestCase4_Aug22 -->
