<?xml version="1.0" encoding="UTF-8"?>
<!-- Generated by org.testng.reporters.JUnitReportReporter -->
<testsuite hostname="DESKTOP-SOTS4KS" failures="0" tests="1" name="project1_test.TestCase1" time="15.094" errors="0" timestamp="2024-09-06T16:09:11 IST" skipped="0">
  <testcase classname="project1_test.TestCase1" name="registration" time="15.094"/>
  <system-out>
    <![CDATA[Test case is pass]]>
  </system-out>
</testsuite> <!-- project1_test.TestCase1 -->
