<?xml version="1.0" encoding="UTF-8"?>
<!-- Generated by org.testng.reporters.JUnitReportReporter -->
<testsuite hostname="DESKTOP-SOTS4KS" failures="0" tests="1" name="project1_test.TestCase1" time="17.252" errors="0" timestamp="2024-09-09T17:00:16 IST" skipped="0">
  <testcase classname="project1_test.TestCase1" name="registration" time="17.252"/>
  <system-out>
    <![CDATA[Test case is pass]]>
  </system-out>
</testsuite> <!-- project1_test.TestCase1 -->
