<?xml version="1.0" encoding="UTF-8"?>
<!-- Generated by org.testng.reporters.JUnitReportReporter -->
<testsuite hostname="DESKTOP-SOTS4KS" failures="0" tests="1" name="brokenlinksprograms.Launch_Google_Checkbrokenlinks_Aug23" time="19.405" errors="0" timestamp="2024-08-24T09:48:37 IST" skipped="0">
  <testcase classname="brokenlinksprograms.Launch_Google_Checkbrokenlinks_Aug23" name="google_launch" time="19.405"/>
  <system-out/>
</testsuite> <!-- brokenlinksprograms.Launch_Google_Checkbrokenlinks_Aug23 -->
