<?xml version="1.0" encoding="UTF-8"?>
<!-- Generated by org.testng.reporters.JUnitReportReporter -->
<testsuite hostname="DESKTOP-SOTS4KS" failures="0" tests="1" name="brokenlinksprograms.Launch_Grotechminds_Checkbrokenlinks_Aug23" time="107.111" errors="0" timestamp="2024-08-24T09:45:44 IST" skipped="0">
  <testcase classname="brokenlinksprograms.Launch_Grotechminds_Checkbrokenlinks_Aug23" name="grotechminds_launch" time="107.111"/>
  <system-out/>
</testsuite> <!-- brokenlinksprograms.Launch_Grotechminds_Checkbrokenlinks_Aug23 -->
