<?xml version="1.0" encoding="UTF-8"?>
<!-- Generated by org.testng.reporters.JUnitReportReporter -->
<testsuite hostname="DESKTOP-SOTS4KS" failures="0" tests="1" name="amazon_test.TestCase2_Aug22" time="12.924" errors="0" timestamp="2024-08-24T10:31:08 IST" skipped="0">
  <testcase classname="amazon_test.TestCase2_Aug22" name="searchingtheproduct_amazon" time="12.924"/>
  <system-out/>
</testsuite> <!-- amazon_test.TestCase2_Aug22 -->
