<?xml version="1.0" encoding="UTF-8"?>
<!-- Generated by org.testng.reporters.JUnitReportReporter -->
<testsuite hostname="DESKTOP-SOTS4KS" failures="0" tests="1" name="brokenlinksprograms.Launch_Amazon_Checkbrokenlinks_Aug23" time="139.188" errors="0" timestamp="2024-08-24T09:32:37 IST" skipped="0">
  <testcase classname="brokenlinksprograms.Launch_Amazon_Checkbrokenlinks_Aug23" name="amazon_launch" time="139.188"/>
  <system-out/>
</testsuite> <!-- brokenlinksprograms.Launch_Amazon_Checkbrokenlinks_Aug23 -->
