<?xml version="1.0" encoding="UTF-8"?>
<!-- Generated by org.testng.reporters.JUnitReportReporter -->
<testsuite hostname="DESKTOP-SOTS4KS" failures="0" tests="1" name="project1_test.TestCase15" time="19.484" errors="0" timestamp="2024-09-23T15:29:33 IST" skipped="0">
  <testcase classname="project1_test.TestCase15" name="cartpagewithoutlogin" time="19.484"/>
  <system-out>
    <![CDATA[Test case is pass]]>
  </system-out>
</testsuite> <!-- project1_test.TestCase15 -->
